  main.cpp
C:\Users\Xiang Gao\Desktop\GAMES101\GAMES101_Homework_S2021\GAMES101_Homework3_S2021\Homework3\Assignment3\Texture.hpp(29,54): warning C4244: “参数”: 从“float”转换到“int”，可能丢失数据
  (编译源文件“../main.cpp”)
  
C:\Users\Xiang Gao\Desktop\GAMES101\GAMES101_Homework_S2021\GAMES101_Homework3_S2021\Homework3\Assignment3\Texture.hpp(29,47): warning C4244: “参数”: 从“float”转换到“int”，可能丢失数据
  (编译源文件“../main.cpp”)
  
C:\Users\Xiang Gao\Desktop\GAMES101\GAMES101_Homework_S2021\GAMES101_Homework3_S2021\Homework3\Assignment3\Texture.hpp(39,16): warning C4244: “初始化”: 从“float”转换到“int”，可能丢失数据
  (编译源文件“../main.cpp”)
  
C:\Users\Xiang Gao\Desktop\GAMES101\GAMES101_Homework_S2021\GAMES101_Homework3_S2021\Homework3\Assignment3\Texture.hpp(41,16): warning C4244: “初始化”: 从“float”转换到“int”，可能丢失数据
  (编译源文件“../main.cpp”)
  
C:\Users\Xiang Gao\Desktop\GAMES101\GAMES101_Homework_S2021\GAMES101_Homework3_S2021\Homework3\Assignment3\OBJ_Loader.h(951,33): warning C4244: “初始化”: 从“double”转换到“float”，可能丢失数据
  (编译源文件“../main.cpp”)
  
C:\Users\Xiang Gao\Desktop\GAMES101\GAMES101_Homework_S2021\GAMES101_Homework3_S2021\Homework3\Assignment3\main.cpp(30,27): warning C4244: “=”: 从“double”转换到“float”，可能丢失数据
C:\Users\Xiang Gao\Desktop\GAMES101\GAMES101_Homework_S2021\GAMES101_Homework3_S2021\Homework3\Assignment3\main.cpp(57,15): warning C4244: “初始化”: 从“double”转换到“float”，可能丢失数据
C:\Users\Xiang Gao\Desktop\GAMES101\GAMES101_Homework_S2021\GAMES101_Homework3_S2021\Homework3\Assignment3\main.cpp(106,56): warning C4305: “参数”: 从“double”到“const float”截断
C:\Users\Xiang Gao\Desktop\GAMES101\GAMES101_Homework_S2021\GAMES101_Homework3_S2021\Homework3\Assignment3\main.cpp(106,49): warning C4305: “参数”: 从“double”到“const float”截断
C:\Users\Xiang Gao\Desktop\GAMES101\GAMES101_Homework_S2021\GAMES101_Homework3_S2021\Homework3\Assignment3\main.cpp(106,42): warning C4305: “参数”: 从“double”到“const float”截断
C:\Users\Xiang Gao\Desktop\GAMES101\GAMES101_Homework_S2021\GAMES101_Homework3_S2021\Homework3\Assignment3\main.cpp(108,58): warning C4305: “参数”: 从“double”到“const float”截断
C:\Users\Xiang Gao\Desktop\GAMES101\GAMES101_Homework_S2021\GAMES101_Homework3_S2021\Homework3\Assignment3\main.cpp(108,50): warning C4305: “参数”: 从“double”到“const float”截断
C:\Users\Xiang Gao\Desktop\GAMES101\GAMES101_Homework_S2021\GAMES101_Homework3_S2021\Homework3\Assignment3\main.cpp(108,42): warning C4305: “参数”: 从“double”到“const float”截断
C:\Users\Xiang Gao\Desktop\GAMES101\GAMES101_Homework_S2021\GAMES101_Homework3_S2021\Homework3\Assignment3\main.cpp(153,56): warning C4305: “参数”: 从“double”到“const float”截断
C:\Users\Xiang Gao\Desktop\GAMES101\GAMES101_Homework_S2021\GAMES101_Homework3_S2021\Homework3\Assignment3\main.cpp(153,49): warning C4305: “参数”: 从“double”到“const float”截断
C:\Users\Xiang Gao\Desktop\GAMES101\GAMES101_Homework_S2021\GAMES101_Homework3_S2021\Homework3\Assignment3\main.cpp(153,42): warning C4305: “参数”: 从“double”到“const float”截断
C:\Users\Xiang Gao\Desktop\GAMES101\GAMES101_Homework_S2021\GAMES101_Homework3_S2021\Homework3\Assignment3\main.cpp(155,58): warning C4305: “参数”: 从“double”到“const float”截断
C:\Users\Xiang Gao\Desktop\GAMES101\GAMES101_Homework_S2021\GAMES101_Homework3_S2021\Homework3\Assignment3\main.cpp(155,50): warning C4305: “参数”: 从“double”到“const float”截断
C:\Users\Xiang Gao\Desktop\GAMES101\GAMES101_Homework_S2021\GAMES101_Homework3_S2021\Homework3\Assignment3\main.cpp(155,42): warning C4305: “参数”: 从“double”到“const float”截断
C:\Users\Xiang Gao\Desktop\GAMES101\GAMES101_Homework_S2021\GAMES101_Homework3_S2021\Homework3\Assignment3\main.cpp(197,56): warning C4305: “参数”: 从“double”到“const float”截断
C:\Users\Xiang Gao\Desktop\GAMES101\GAMES101_Homework_S2021\GAMES101_Homework3_S2021\Homework3\Assignment3\main.cpp(197,49): warning C4305: “参数”: 从“double”到“const float”截断
C:\Users\Xiang Gao\Desktop\GAMES101\GAMES101_Homework_S2021\GAMES101_Homework3_S2021\Homework3\Assignment3\main.cpp(197,42): warning C4305: “参数”: 从“double”到“const float”截断
C:\Users\Xiang Gao\Desktop\GAMES101\GAMES101_Homework_S2021\GAMES101_Homework3_S2021\Homework3\Assignment3\main.cpp(199,58): warning C4305: “参数”: 从“double”到“const float”截断
C:\Users\Xiang Gao\Desktop\GAMES101\GAMES101_Homework_S2021\GAMES101_Homework3_S2021\Homework3\Assignment3\main.cpp(199,50): warning C4305: “参数”: 从“double”到“const float”截断
C:\Users\Xiang Gao\Desktop\GAMES101\GAMES101_Homework_S2021\GAMES101_Homework3_S2021\Homework3\Assignment3\main.cpp(199,42): warning C4305: “参数”: 从“double”到“const float”截断
C:\Users\Xiang Gao\Desktop\GAMES101\GAMES101_Homework_S2021\GAMES101_Homework3_S2021\Homework3\Assignment3\main.cpp(214,14): warning C4305: “初始化”: 从“double”到“float”截断
C:\Users\Xiang Gao\Desktop\GAMES101\GAMES101_Homework_S2021\GAMES101_Homework3_S2021\Homework3\Assignment3\main.cpp(214,24): warning C4305: “初始化”: 从“double”到“float”截断
C:\Users\Xiang Gao\Desktop\GAMES101\GAMES101_Homework_S2021\GAMES101_Homework3_S2021\Homework3\Assignment3\main.cpp(280,56): warning C4305: “参数”: 从“double”到“const float”截断
C:\Users\Xiang Gao\Desktop\GAMES101\GAMES101_Homework_S2021\GAMES101_Homework3_S2021\Homework3\Assignment3\main.cpp(280,49): warning C4305: “参数”: 从“double”到“const float”截断
C:\Users\Xiang Gao\Desktop\GAMES101\GAMES101_Homework_S2021\GAMES101_Homework3_S2021\Homework3\Assignment3\main.cpp(280,42): warning C4305: “参数”: 从“double”到“const float”截断
C:\Users\Xiang Gao\Desktop\GAMES101\GAMES101_Homework_S2021\GAMES101_Homework3_S2021\Homework3\Assignment3\main.cpp(282,58): warning C4305: “参数”: 从“double”到“const float”截断
C:\Users\Xiang Gao\Desktop\GAMES101\GAMES101_Homework_S2021\GAMES101_Homework3_S2021\Homework3\Assignment3\main.cpp(282,50): warning C4305: “参数”: 从“double”到“const float”截断
C:\Users\Xiang Gao\Desktop\GAMES101\GAMES101_Homework_S2021\GAMES101_Homework3_S2021\Homework3\Assignment3\main.cpp(282,42): warning C4305: “参数”: 从“double”到“const float”截断
C:\Users\Xiang Gao\Desktop\GAMES101\GAMES101_Homework_S2021\GAMES101_Homework3_S2021\Homework3\Assignment3\main.cpp(297,14): warning C4305: “初始化”: 从“double”到“float”截断
C:\Users\Xiang Gao\Desktop\GAMES101\GAMES101_Homework_S2021\GAMES101_Homework3_S2021\Homework3\Assignment3\main.cpp(297,24): warning C4305: “初始化”: 从“double”到“float”截断
C:\Users\Xiang Gao\Desktop\GAMES101\GAMES101_Homework_S2021\GAMES101_Homework3_S2021\Homework3\Assignment3\main.cpp(418,57): warning C4305: “参数”: 从“double”到“float”截断
C:\Users\Xiang Gao\Desktop\GAMES101\GAMES101_Homework_S2021\GAMES101_Homework3_S2021\Homework3\Assignment3\main.cpp(436,57): warning C4305: “参数”: 从“double”到“float”截断
C:\Users\Xiang Gao\Desktop\GAMES101\GAMES101_Homework_S2021\GAMES101_Homework3_S2021\Homework3\Assignment3\main.cpp(450,25): warning C4305: “-=”: 从“double”到“float”截断
C:\Users\Xiang Gao\Desktop\GAMES101\GAMES101_Homework_S2021\GAMES101_Homework3_S2021\Homework3\Assignment3\main.cpp(454,25): warning C4305: “+=”: 从“double”到“float”截断
  Rasterizer.vcxproj -> C:\Users\Xiang Gao\Desktop\GAMES101\GAMES101_Homework_S2021\GAMES101_Homework3_S2021\Homework3\Assignment3\build\Release\Rasterizer.exe
