  Renderer.cpp
C:\Users\Xiang Gao\Desktop\GAMES101\GAMES101_Homework_S2021\GAMES101_Homework5_S2021\Homework5\Assignment5\global.hpp(22,28): warning C4244: “=”: 从“double”转换到“float”，可能丢失数据
  (编译源文件“../Renderer.cpp”)
  
C:\Users\Xiang Gao\Desktop\GAMES101\GAMES101_Homework_S2021\GAMES101_Homework5_S2021\Homework5\Assignment5\global.hpp(25,17): warning C4244: “初始化”: 从“double”转换到“float”，可能丢失数据
  (编译源文件“../Renderer.cpp”)
  
C:\Users\Xiang Gao\Desktop\GAMES101\GAMES101_Homework_S2021\GAMES101_Homework5_S2021\Homework5\Assignment5\global.hpp(55,13): warning C4244: “初始化”: 从“float”转换到“int”，可能丢失数据
  (编译源文件“../Renderer.cpp”)
  
C:\Users\Xiang Gao\Desktop\GAMES101\GAMES101_Homework_S2021\GAMES101_Homework5_S2021\Homework5\Assignment5\Object.hpp(11,14): warning C4305: “初始化”: 从“double”到“float”截断
  (编译源文件“../Renderer.cpp”)
  
C:\Users\Xiang Gao\Desktop\GAMES101\GAMES101_Homework_S2021\GAMES101_Homework5_S2021\Homework5\Assignment5\Object.hpp(12,13): warning C4305: “初始化”: 从“double”到“float”截断
  (编译源文件“../Renderer.cpp”)
  
C:\Users\Xiang Gao\Desktop\GAMES101\GAMES101_Homework_S2021\GAMES101_Homework5_S2021\Homework5\Assignment5\Object.hpp(13,13): warning C4305: “初始化”: 从“double”到“float”截断
  (编译源文件“../Renderer.cpp”)
  
C:\Users\Xiang Gao\Desktop\GAMES101\GAMES101_Homework_S2021\GAMES101_Homework5_S2021\Homework5\Assignment5\Object.hpp(14,24): warning C4305: “参数”: 从“double”到“float”截断
  (编译源文件“../Renderer.cpp”)
  
C:\Users\Xiang Gao\Desktop\GAMES101\GAMES101_Homework_S2021\GAMES101_Homework5_S2021\Homework5\Assignment5\Scene.hpp(16,60): warning C4305: “参数”: 从“double”到“float”截断
  (编译源文件“../Renderer.cpp”)
  
C:\Users\Xiang Gao\Desktop\GAMES101\GAMES101_Homework_S2021\GAMES101_Homework5_S2021\Homework5\Assignment5\Scene.hpp(16,51): warning C4305: “参数”: 从“double”到“float”截断
  (编译源文件“../Renderer.cpp”)
  
C:\Users\Xiang Gao\Desktop\GAMES101\GAMES101_Homework_S2021\GAMES101_Homework5_S2021\Homework5\Assignment5\Scene.hpp(16,41): warning C4305: “参数”: 从“double”到“float”截断
  (编译源文件“../Renderer.cpp”)
  
C:\Users\Xiang Gao\Desktop\GAMES101\GAMES101_Homework_S2021\GAMES101_Homework5_S2021\Homework5\Assignment5\Scene.hpp(18,21): warning C4305: “初始化”: 从“double”到“float”截断
  (编译源文件“../Renderer.cpp”)
  
C:\Users\Xiang Gao\Desktop\GAMES101\GAMES101_Homework_S2021\GAMES101_Homework5_S2021\Homework5\Assignment5\Renderer.cpp(8,20): warning C4244: “return”: 从“double”转换到“float”，可能丢失数据
C:\Users\Xiang Gao\Desktop\GAMES101\GAMES101_Homework_S2021\GAMES101_Homework5_S2021\Homework5\Assignment5\Renderer.cpp(215,46): warning C4244: “参数”: 从“double”转换到“const float”，可能丢失数据
C:\Users\Xiang Gao\Desktop\GAMES101\GAMES101_Homework_S2021\GAMES101_Homework5_S2021\Homework5\Assignment5\Renderer.cpp(260,16): warning C4996: 'fopen': This function or variable may be unsafe. Consider using fopen_s instead. To disable deprecation, use _CRT_SECURE_NO_WARNINGS. See online help for details.
  main.cpp
C:\Users\Xiang Gao\Desktop\GAMES101\GAMES101_Homework_S2021\GAMES101_Homework5_S2021\Homework5\Assignment5\global.hpp(22,28): warning C4244: “=”: 从“double”转换到“float”，可能丢失数据
  (编译源文件“../main.cpp”)
  
C:\Users\Xiang Gao\Desktop\GAMES101\GAMES101_Homework_S2021\GAMES101_Homework5_S2021\Homework5\Assignment5\global.hpp(25,17): warning C4244: “初始化”: 从“double”转换到“float”，可能丢失数据
  (编译源文件“../main.cpp”)
  
C:\Users\Xiang Gao\Desktop\GAMES101\GAMES101_Homework_S2021\GAMES101_Homework5_S2021\Homework5\Assignment5\global.hpp(55,13): warning C4244: “初始化”: 从“float”转换到“int”，可能丢失数据
  (编译源文件“../main.cpp”)
  
C:\Users\Xiang Gao\Desktop\GAMES101\GAMES101_Homework_S2021\GAMES101_Homework5_S2021\Homework5\Assignment5\Object.hpp(11,14): warning C4305: “初始化”: 从“double”到“float”截断
  (编译源文件“../main.cpp”)
  
C:\Users\Xiang Gao\Desktop\GAMES101\GAMES101_Homework_S2021\GAMES101_Homework5_S2021\Homework5\Assignment5\Object.hpp(12,13): warning C4305: “初始化”: 从“double”到“float”截断
  (编译源文件“../main.cpp”)
  
C:\Users\Xiang Gao\Desktop\GAMES101\GAMES101_Homework_S2021\GAMES101_Homework5_S2021\Homework5\Assignment5\Object.hpp(13,13): warning C4305: “初始化”: 从“double”到“float”截断
  (编译源文件“../main.cpp”)
  
C:\Users\Xiang Gao\Desktop\GAMES101\GAMES101_Homework_S2021\GAMES101_Homework5_S2021\Homework5\Assignment5\Object.hpp(14,24): warning C4305: “参数”: 从“double”到“float”截断
  (编译源文件“../main.cpp”)
  
C:\Users\Xiang Gao\Desktop\GAMES101\GAMES101_Homework_S2021\GAMES101_Homework5_S2021\Homework5\Assignment5\Scene.hpp(16,60): warning C4305: “参数”: 从“double”到“float”截断
  (编译源文件“../main.cpp”)
  
C:\Users\Xiang Gao\Desktop\GAMES101\GAMES101_Homework_S2021\GAMES101_Homework5_S2021\Homework5\Assignment5\Scene.hpp(16,51): warning C4305: “参数”: 从“double”到“float”截断
  (编译源文件“../main.cpp”)
  
C:\Users\Xiang Gao\Desktop\GAMES101\GAMES101_Homework_S2021\GAMES101_Homework5_S2021\Homework5\Assignment5\Scene.hpp(16,41): warning C4305: “参数”: 从“double”到“float”截断
  (编译源文件“../main.cpp”)
  
C:\Users\Xiang Gao\Desktop\GAMES101\GAMES101_Homework_S2021\GAMES101_Homework5_S2021\Homework5\Assignment5\Scene.hpp(18,21): warning C4305: “初始化”: 从“double”到“float”截断
  (编译源文件“../main.cpp”)
  
C:\Users\Xiang Gao\Desktop\GAMES101\GAMES101_Homework_S2021\GAMES101_Homework5_S2021\Homework5\Assignment5\Triangle.hpp(99,23): warning C4244: “初始化”: 从“int”转换到“float”，可能丢失数据
  (编译源文件“../main.cpp”)
  
C:\Users\Xiang Gao\Desktop\GAMES101\GAMES101_Homework_S2021\GAMES101_Homework5_S2021\Homework5\Assignment5\Triangle.hpp(100,75): warning C4305: “参数”: 从“double”到“float”截断
  (编译源文件“../main.cpp”)
  
C:\Users\Xiang Gao\Desktop\GAMES101\GAMES101_Homework_S2021\GAMES101_Homework5_S2021\Homework5\Assignment5\Triangle.hpp(100,68): warning C4305: “参数”: 从“double”到“float”截断
  (编译源文件“../main.cpp”)
  
C:\Users\Xiang Gao\Desktop\GAMES101\GAMES101_Homework_S2021\GAMES101_Homework5_S2021\Homework5\Assignment5\Triangle.hpp(100,61): warning C4305: “参数”: 从“double”到“float”截断
  (编译源文件“../main.cpp”)
  
C:\Users\Xiang Gao\Desktop\GAMES101\GAMES101_Homework_S2021\GAMES101_Homework5_S2021\Homework5\Assignment5\Triangle.hpp(100,44): warning C4305: “参数”: 从“double”到“float”截断
  (编译源文件“../main.cpp”)
  
C:\Users\Xiang Gao\Desktop\GAMES101\GAMES101_Homework_S2021\GAMES101_Homework5_S2021\Homework5\Assignment5\Triangle.hpp(100,37): warning C4305: “参数”: 从“double”到“float”截断
  (编译源文件“../main.cpp”)
  
C:\Users\Xiang Gao\Desktop\GAMES101\GAMES101_Homework_S2021\GAMES101_Homework5_S2021\Homework5\Assignment5\Triangle.hpp(100,30): warning C4305: “参数”: 从“double”到“float”截断
  (编译源文件“../main.cpp”)
  
C:\Users\Xiang Gao\Desktop\GAMES101\GAMES101_Homework_S2021\GAMES101_Homework5_S2021\Homework5\Assignment5\main.cpp(16,45): warning C4305: “参数”: 从“double”到“float”截断
C:\Users\Xiang Gao\Desktop\GAMES101\GAMES101_Homework_S2021\GAMES101_Homework5_S2021\Homework5\Assignment5\main.cpp(16,40): warning C4305: “参数”: 从“double”到“float”截断
C:\Users\Xiang Gao\Desktop\GAMES101\GAMES101_Homework_S2021\GAMES101_Homework5_S2021\Homework5\Assignment5\main.cpp(16,35): warning C4305: “参数”: 从“double”到“float”截断
C:\Program Files\Microsoft Visual Studio\2022\Community\VC\Tools\MSVC\14.39.33519\include\memory(3434,56): warning C4244: “参数”: 从“_Ty”转换到“const float”，可能丢失数据
C:\Program Files\Microsoft Visual Studio\2022\Community\VC\Tools\MSVC\14.39.33519\include\memory(3434,56): warning C4244:         with
C:\Program Files\Microsoft Visual Studio\2022\Community\VC\Tools\MSVC\14.39.33519\include\memory(3434,56): warning C4244:         [
C:\Program Files\Microsoft Visual Studio\2022\Community\VC\Tools\MSVC\14.39.33519\include\memory(3434,56): warning C4244:             _Ty=int
C:\Program Files\Microsoft Visual Studio\2022\Community\VC\Tools\MSVC\14.39.33519\include\memory(3434,56): warning C4244:         ]
  (编译源文件“../main.cpp”)
  C:\Program Files\Microsoft Visual Studio\2022\Community\VC\Tools\MSVC\14.39.33519\include\memory(3434,56):
  模板实例化上下文(最早的实例化上下文)为
  	C:\Users\Xiang Gao\Desktop\GAMES101\GAMES101_Homework_S2021\GAMES101_Homework5_S2021\Homework5\Assignment5\main.cpp(14,22):
  	查看对正在编译的函数 模板 实例化“std::unique_ptr<Sphere,std::default_delete<Sphere>> std::make_unique<Sphere,Vector3f,int,0>(Vector3f &&,int &&)”的引用
  
C:\Program Files\Microsoft Visual Studio\2022\Community\VC\Tools\MSVC\14.39.33519\include\memory(3434,56): warning C4244: “参数”: 从“_Ty”转换到“const float”，可能丢失数据
C:\Program Files\Microsoft Visual Studio\2022\Community\VC\Tools\MSVC\14.39.33519\include\memory(3434,56): warning C4244:         with
C:\Program Files\Microsoft Visual Studio\2022\Community\VC\Tools\MSVC\14.39.33519\include\memory(3434,56): warning C4244:         [
C:\Program Files\Microsoft Visual Studio\2022\Community\VC\Tools\MSVC\14.39.33519\include\memory(3434,56): warning C4244:             _Ty=double
C:\Program Files\Microsoft Visual Studio\2022\Community\VC\Tools\MSVC\14.39.33519\include\memory(3434,56): warning C4244:         ]
  (编译源文件“../main.cpp”)
  C:\Program Files\Microsoft Visual Studio\2022\Community\VC\Tools\MSVC\14.39.33519\include\memory(3434,56):
  模板实例化上下文(最早的实例化上下文)为
  	C:\Users\Xiang Gao\Desktop\GAMES101\GAMES101_Homework_S2021\GAMES101_Homework5_S2021\Homework5\Assignment5\main.cpp(18,22):
  	查看对正在编译的函数 模板 实例化“std::unique_ptr<Sphere,std::default_delete<Sphere>> std::make_unique<Sphere,Vector3f,double,0>(Vector3f &&,double &&)”的引用
  
C:\Program Files\Microsoft Visual Studio\2022\Community\VC\Tools\MSVC\14.39.33519\include\memory(3434,56): warning C4244: “参数”: 从“_Ty”转换到“float”，可能丢失数据
C:\Program Files\Microsoft Visual Studio\2022\Community\VC\Tools\MSVC\14.39.33519\include\memory(3434,56): warning C4244:         with
C:\Program Files\Microsoft Visual Studio\2022\Community\VC\Tools\MSVC\14.39.33519\include\memory(3434,56): warning C4244:         [
C:\Program Files\Microsoft Visual Studio\2022\Community\VC\Tools\MSVC\14.39.33519\include\memory(3434,56): warning C4244:             _Ty=double
C:\Program Files\Microsoft Visual Studio\2022\Community\VC\Tools\MSVC\14.39.33519\include\memory(3434,56): warning C4244:         ]
  (编译源文件“../main.cpp”)
  C:\Program Files\Microsoft Visual Studio\2022\Community\VC\Tools\MSVC\14.39.33519\include\memory(3434,56):
  模板实例化上下文(最早的实例化上下文)为
  	C:\Users\Xiang Gao\Desktop\GAMES101\GAMES101_Homework_S2021\GAMES101_Homework5_S2021\Homework5\Assignment5\main.cpp(32,20):
  	查看对正在编译的函数 模板 实例化“std::unique_ptr<Light,std::default_delete<Light>> std::make_unique<Light,Vector3f,double,0>(Vector3f &&,double &&)”的引用
  
  正在生成代码...
LINK : warning LNK4044: 无法识别的选项“/fsanitize=undefined”；已忽略
  LINK : 没有找到 C:\Users\Xiang Gao\Desktop\GAMES101\GAMES101_Homework_S2021\GAMES101_Homework5_S2021\Homework5\Assignment5\build\Debug\RayTracing.exe 或上一个增量链接没有生成它；正在执行完全链接
  RayTracing.vcxproj -> C:\Users\Xiang Gao\Desktop\GAMES101\GAMES101_Homework_S2021\GAMES101_Homework5_S2021\Homework5\Assignment5\build\Debug\RayTracing.exe
