  Renderer.cpp
C:\Users\Xiang Gao\Desktop\GAMES101\GAMES101_Homework_S2021\GAMES101_Homework7_S2021\Assignment7\global.hpp(21,45): warning C4244: “=”: 从“double”转换到“float”，可能丢失数据
  (编译源文件“../Renderer.cpp”)
  
C:\Users\Xiang Gao\Desktop\GAMES101\GAMES101_Homework_S2021\GAMES101_Homework7_S2021\Assignment7\global.hpp(23,17): warning C4244: “初始化”: 从“double”转换到“float”，可能丢失数据
  (编译源文件“../Renderer.cpp”)
  
C:\Users\Xiang Gao\Desktop\GAMES101\GAMES101_Homework_S2021\GAMES101_Homework7_S2021\Assignment7\global.hpp(47,13): warning C4244: “初始化”: 从“float”转换到“int”，可能丢失数据
  (编译源文件“../Renderer.cpp”)
  
C:\Users\Xiang Gao\Desktop\GAMES101\GAMES101_Homework_S2021\GAMES101_Homework7_S2021\Assignment7\Ray.hpp(16,68): warning C4244: “参数”: 从“double”转换到“float”，可能丢失数据
  (编译源文件“../Renderer.cpp”)
  
C:\Users\Xiang Gao\Desktop\GAMES101\GAMES101_Homework_S2021\GAMES101_Homework7_S2021\Assignment7\Ray.hpp(16,52): warning C4244: “参数”: 从“double”转换到“float”，可能丢失数据
  (编译源文件“../Renderer.cpp”)
  
C:\Users\Xiang Gao\Desktop\GAMES101\GAMES101_Homework_S2021\GAMES101_Homework7_S2021\Assignment7\Ray.hpp(16,36): warning C4244: “参数”: 从“double”转换到“float”，可能丢失数据
  (编译源文件“../Renderer.cpp”)
  
C:\Users\Xiang Gao\Desktop\GAMES101\GAMES101_Homework_S2021\GAMES101_Homework7_S2021\Assignment7\Ray.hpp(22,65): warning C4244: “参数”: 从“double”转换到“const float”，可能丢失数据
  (编译源文件“../Renderer.cpp”)
  
C:\Users\Xiang Gao\Desktop\GAMES101\GAMES101_Homework_S2021\GAMES101_Homework7_S2021\Assignment7\Bounds3.hpp(20,41): warning C4244: “参数”: 从“double”转换到“float”，可能丢失数据
  (编译源文件“../Renderer.cpp”)
  
C:\Users\Xiang Gao\Desktop\GAMES101\GAMES101_Homework_S2021\GAMES101_Homework7_S2021\Assignment7\Bounds3.hpp(20,33): warning C4244: “参数”: 从“double”转换到“float”，可能丢失数据
  (编译源文件“../Renderer.cpp”)
  
C:\Users\Xiang Gao\Desktop\GAMES101\GAMES101_Homework_S2021\GAMES101_Homework7_S2021\Assignment7\Bounds3.hpp(20,25): warning C4244: “参数”: 从“double”转换到“float”，可能丢失数据
  (编译源文件“../Renderer.cpp”)
  
C:\Users\Xiang Gao\Desktop\GAMES101\GAMES101_Homework_S2021\GAMES101_Homework7_S2021\Assignment7\Bounds3.hpp(21,41): warning C4244: “参数”: 从“double”转换到“float”，可能丢失数据
  (编译源文件“../Renderer.cpp”)
  
C:\Users\Xiang Gao\Desktop\GAMES101\GAMES101_Homework_S2021\GAMES101_Homework7_S2021\Assignment7\Bounds3.hpp(21,33): warning C4244: “参数”: 从“double”转换到“float”，可能丢失数据
  (编译源文件“../Renderer.cpp”)
  
C:\Users\Xiang Gao\Desktop\GAMES101\GAMES101_Homework_S2021\GAMES101_Homework7_S2021\Assignment7\Bounds3.hpp(21,25): warning C4244: “参数”: 从“double”转换到“float”，可能丢失数据
  (编译源文件“../Renderer.cpp”)
  
C:\Users\Xiang Gao\Desktop\GAMES101\GAMES101_Homework_S2021\GAMES101_Homework7_S2021\Assignment7\Scene.hpp(23,60): warning C4305: “参数”: 从“double”到“float”截断
  (编译源文件“../Renderer.cpp”)
  
C:\Users\Xiang Gao\Desktop\GAMES101\GAMES101_Homework_S2021\GAMES101_Homework7_S2021\Assignment7\Scene.hpp(23,51): warning C4305: “参数”: 从“double”到“float”截断
  (编译源文件“../Renderer.cpp”)
  
C:\Users\Xiang Gao\Desktop\GAMES101\GAMES101_Homework_S2021\GAMES101_Homework7_S2021\Assignment7\Scene.hpp(23,41): warning C4305: “参数”: 从“double”到“float”截断
  (编译源文件“../Renderer.cpp”)
  
C:\Users\Xiang Gao\Desktop\GAMES101\GAMES101_Homework_S2021\GAMES101_Homework7_S2021\Assignment7\Scene.hpp(25,29): warning C4305: “初始化”: 从“double”到“float”截断
  (编译源文件“../Renderer.cpp”)
  
C:\Users\Xiang Gao\Desktop\GAMES101\GAMES101_Homework_S2021\GAMES101_Homework7_S2021\Assignment7\Renderer.cpp(11,60): warning C4244: “return”: 从“double”转换到“float”，可能丢失数据
C:\Users\Xiang Gao\Desktop\GAMES101\GAMES101_Homework_S2021\GAMES101_Homework7_S2021\Assignment7\Renderer.cpp(13,23): warning C4305: “初始化”: 从“double”到“float”截断
C:\Users\Xiang Gao\Desktop\GAMES101\GAMES101_Homework_S2021\GAMES101_Homework7_S2021\Assignment7\Renderer.cpp(25,41): warning C4244: “参数”: 从“double”转换到“const float”，可能丢失数据
C:\Users\Xiang Gao\Desktop\GAMES101\GAMES101_Homework_S2021\GAMES101_Homework7_S2021\Assignment7\Renderer.cpp(43,40): warning C4018: “<”: 有符号/无符号不匹配
C:\Users\Xiang Gao\Desktop\GAMES101\GAMES101_Homework_S2021\GAMES101_Homework7_S2021\Assignment7\Renderer.cpp(44,36): warning C4018: “<”: 有符号/无符号不匹配
C:\Users\Xiang Gao\Desktop\GAMES101\GAMES101_Homework_S2021\GAMES101_Homework7_S2021\Assignment7\Renderer.cpp(46,25): warning C4244: “初始化”: 从“double”转换到“float”，可能丢失数据
C:\Users\Xiang Gao\Desktop\GAMES101\GAMES101_Homework_S2021\GAMES101_Homework7_S2021\Assignment7\Renderer.cpp(48,25): warning C4244: “初始化”: 从“double”转换到“float”，可能丢失数据
C:\Users\Xiang Gao\Desktop\GAMES101\GAMES101_Homework_S2021\GAMES101_Homework7_S2021\Assignment7\Renderer.cpp(52,77): warning C4244: “参数”: 从“int”转换到“const float”，可能丢失数据
C:\Users\Xiang Gao\Desktop\GAMES101\GAMES101_Homework_S2021\GAMES101_Homework7_S2021\Assignment7\Renderer.cpp(76,16): warning C4996: 'fopen': This function or variable may be unsafe. Consider using fopen_s instead. To disable deprecation, use _CRT_SECURE_NO_WARNINGS. See online help for details.
C:\Users\Xiang Gao\Desktop\GAMES101\GAMES101_Homework_S2021\GAMES101_Homework7_S2021\Assignment7\Renderer.cpp(95,41): warning C4244: “参数”: 从“double”转换到“const float”，可能丢失数据
C:\Users\Xiang Gao\Desktop\GAMES101\GAMES101_Homework_S2021\GAMES101_Homework7_S2021\Assignment7\Renderer.cpp(103,28): warning C4018: “<”: 有符号/无符号不匹配
C:\Users\Xiang Gao\Desktop\GAMES101\GAMES101_Homework_S2021\GAMES101_Homework7_S2021\Assignment7\Renderer.cpp(104,32): warning C4018: “<”: 有符号/无符号不匹配
C:\Users\Xiang Gao\Desktop\GAMES101\GAMES101_Homework_S2021\GAMES101_Homework7_S2021\Assignment7\Renderer.cpp(106,21): warning C4244: “初始化”: 从“double”转换到“float”，可能丢失数据
C:\Users\Xiang Gao\Desktop\GAMES101\GAMES101_Homework_S2021\GAMES101_Homework7_S2021\Assignment7\Renderer.cpp(108,21): warning C4244: “初始化”: 从“double”转换到“float”，可能丢失数据
C:\Users\Xiang Gao\Desktop\GAMES101\GAMES101_Homework_S2021\GAMES101_Homework7_S2021\Assignment7\Renderer.cpp(112,73): warning C4244: “参数”: 从“int”转换到“const float”，可能丢失数据
C:\Users\Xiang Gao\Desktop\GAMES101\GAMES101_Homework_S2021\GAMES101_Homework7_S2021\Assignment7\Renderer.cpp(121,16): warning C4996: 'fopen': This function or variable may be unsafe. Consider using fopen_s instead. To disable deprecation, use _CRT_SECURE_NO_WARNINGS. See online help for details.
  Scene.cpp
C:\Users\Xiang Gao\Desktop\GAMES101\GAMES101_Homework_S2021\GAMES101_Homework7_S2021\Assignment7\global.hpp(21,45): warning C4244: “=”: 从“double”转换到“float”，可能丢失数据
  (编译源文件“../Scene.cpp”)
  
C:\Users\Xiang Gao\Desktop\GAMES101\GAMES101_Homework_S2021\GAMES101_Homework7_S2021\Assignment7\global.hpp(23,17): warning C4244: “初始化”: 从“double”转换到“float”，可能丢失数据
  (编译源文件“../Scene.cpp”)
  
C:\Users\Xiang Gao\Desktop\GAMES101\GAMES101_Homework_S2021\GAMES101_Homework7_S2021\Assignment7\global.hpp(47,13): warning C4244: “初始化”: 从“float”转换到“int”，可能丢失数据
  (编译源文件“../Scene.cpp”)
  
C:\Users\Xiang Gao\Desktop\GAMES101\GAMES101_Homework_S2021\GAMES101_Homework7_S2021\Assignment7\Ray.hpp(16,68): warning C4244: “参数”: 从“double”转换到“float”，可能丢失数据
  (编译源文件“../Scene.cpp”)
  
C:\Users\Xiang Gao\Desktop\GAMES101\GAMES101_Homework_S2021\GAMES101_Homework7_S2021\Assignment7\Ray.hpp(16,52): warning C4244: “参数”: 从“double”转换到“float”，可能丢失数据
  (编译源文件“../Scene.cpp”)
  
C:\Users\Xiang Gao\Desktop\GAMES101\GAMES101_Homework_S2021\GAMES101_Homework7_S2021\Assignment7\Ray.hpp(16,36): warning C4244: “参数”: 从“double”转换到“float”，可能丢失数据
  (编译源文件“../Scene.cpp”)
  
C:\Users\Xiang Gao\Desktop\GAMES101\GAMES101_Homework_S2021\GAMES101_Homework7_S2021\Assignment7\Ray.hpp(22,65): warning C4244: “参数”: 从“double”转换到“const float”，可能丢失数据
  (编译源文件“../Scene.cpp”)
  
C:\Users\Xiang Gao\Desktop\GAMES101\GAMES101_Homework_S2021\GAMES101_Homework7_S2021\Assignment7\Bounds3.hpp(20,41): warning C4244: “参数”: 从“double”转换到“float”，可能丢失数据
  (编译源文件“../Scene.cpp”)
  
C:\Users\Xiang Gao\Desktop\GAMES101\GAMES101_Homework_S2021\GAMES101_Homework7_S2021\Assignment7\Bounds3.hpp(20,33): warning C4244: “参数”: 从“double”转换到“float”，可能丢失数据
  (编译源文件“../Scene.cpp”)
  
C:\Users\Xiang Gao\Desktop\GAMES101\GAMES101_Homework_S2021\GAMES101_Homework7_S2021\Assignment7\Bounds3.hpp(20,25): warning C4244: “参数”: 从“double”转换到“float”，可能丢失数据
  (编译源文件“../Scene.cpp”)
  
C:\Users\Xiang Gao\Desktop\GAMES101\GAMES101_Homework_S2021\GAMES101_Homework7_S2021\Assignment7\Bounds3.hpp(21,41): warning C4244: “参数”: 从“double”转换到“float”，可能丢失数据
  (编译源文件“../Scene.cpp”)
  
C:\Users\Xiang Gao\Desktop\GAMES101\GAMES101_Homework_S2021\GAMES101_Homework7_S2021\Assignment7\Bounds3.hpp(21,33): warning C4244: “参数”: 从“double”转换到“float”，可能丢失数据
  (编译源文件“../Scene.cpp”)
  
C:\Users\Xiang Gao\Desktop\GAMES101\GAMES101_Homework_S2021\GAMES101_Homework7_S2021\Assignment7\Bounds3.hpp(21,25): warning C4244: “参数”: 从“double”转换到“float”，可能丢失数据
  (编译源文件“../Scene.cpp”)
  
C:\Users\Xiang Gao\Desktop\GAMES101\GAMES101_Homework_S2021\GAMES101_Homework7_S2021\Assignment7\Scene.hpp(23,60): warning C4305: “参数”: 从“double”到“float”截断
  (编译源文件“../Scene.cpp”)
  
C:\Users\Xiang Gao\Desktop\GAMES101\GAMES101_Homework_S2021\GAMES101_Homework7_S2021\Assignment7\Scene.hpp(23,51): warning C4305: “参数”: 从“double”到“float”截断
  (编译源文件“../Scene.cpp”)
  
C:\Users\Xiang Gao\Desktop\GAMES101\GAMES101_Homework_S2021\GAMES101_Homework7_S2021\Assignment7\Scene.hpp(23,41): warning C4305: “参数”: 从“double”到“float”截断
  (编译源文件“../Scene.cpp”)
  
C:\Users\Xiang Gao\Desktop\GAMES101\GAMES101_Homework_S2021\GAMES101_Homework7_S2021\Assignment7\Scene.hpp(25,29): warning C4305: “初始化”: 从“double”到“float”截断
  (编译源文件“../Scene.cpp”)
  
  main.cpp
C:\Users\Xiang Gao\Desktop\GAMES101\GAMES101_Homework_S2021\GAMES101_Homework7_S2021\Assignment7\global.hpp(21,45): warning C4244: “=”: 从“double”转换到“float”，可能丢失数据
  (编译源文件“../main.cpp”)
  
C:\Users\Xiang Gao\Desktop\GAMES101\GAMES101_Homework_S2021\GAMES101_Homework7_S2021\Assignment7\global.hpp(23,17): warning C4244: “初始化”: 从“double”转换到“float”，可能丢失数据
  (编译源文件“../main.cpp”)
  
C:\Users\Xiang Gao\Desktop\GAMES101\GAMES101_Homework_S2021\GAMES101_Homework7_S2021\Assignment7\global.hpp(47,13): warning C4244: “初始化”: 从“float”转换到“int”，可能丢失数据
  (编译源文件“../main.cpp”)
  
C:\Users\Xiang Gao\Desktop\GAMES101\GAMES101_Homework_S2021\GAMES101_Homework7_S2021\Assignment7\Ray.hpp(16,68): warning C4244: “参数”: 从“double”转换到“float”，可能丢失数据
  (编译源文件“../main.cpp”)
  
C:\Users\Xiang Gao\Desktop\GAMES101\GAMES101_Homework_S2021\GAMES101_Homework7_S2021\Assignment7\Ray.hpp(16,52): warning C4244: “参数”: 从“double”转换到“float”，可能丢失数据
  (编译源文件“../main.cpp”)
  
C:\Users\Xiang Gao\Desktop\GAMES101\GAMES101_Homework_S2021\GAMES101_Homework7_S2021\Assignment7\Ray.hpp(16,36): warning C4244: “参数”: 从“double”转换到“float”，可能丢失数据
  (编译源文件“../main.cpp”)
  
C:\Users\Xiang Gao\Desktop\GAMES101\GAMES101_Homework_S2021\GAMES101_Homework7_S2021\Assignment7\Ray.hpp(22,65): warning C4244: “参数”: 从“double”转换到“const float”，可能丢失数据
  (编译源文件“../main.cpp”)
  
C:\Users\Xiang Gao\Desktop\GAMES101\GAMES101_Homework_S2021\GAMES101_Homework7_S2021\Assignment7\Bounds3.hpp(20,41): warning C4244: “参数”: 从“double”转换到“float”，可能丢失数据
  (编译源文件“../main.cpp”)
  
C:\Users\Xiang Gao\Desktop\GAMES101\GAMES101_Homework_S2021\GAMES101_Homework7_S2021\Assignment7\Bounds3.hpp(20,33): warning C4244: “参数”: 从“double”转换到“float”，可能丢失数据
  (编译源文件“../main.cpp”)
  
C:\Users\Xiang Gao\Desktop\GAMES101\GAMES101_Homework_S2021\GAMES101_Homework7_S2021\Assignment7\Bounds3.hpp(20,25): warning C4244: “参数”: 从“double”转换到“float”，可能丢失数据
  (编译源文件“../main.cpp”)
  
C:\Users\Xiang Gao\Desktop\GAMES101\GAMES101_Homework_S2021\GAMES101_Homework7_S2021\Assignment7\Bounds3.hpp(21,41): warning C4244: “参数”: 从“double”转换到“float”，可能丢失数据
  (编译源文件“../main.cpp”)
  
C:\Users\Xiang Gao\Desktop\GAMES101\GAMES101_Homework_S2021\GAMES101_Homework7_S2021\Assignment7\Bounds3.hpp(21,33): warning C4244: “参数”: 从“double”转换到“float”，可能丢失数据
  (编译源文件“../main.cpp”)
  
C:\Users\Xiang Gao\Desktop\GAMES101\GAMES101_Homework_S2021\GAMES101_Homework7_S2021\Assignment7\Bounds3.hpp(21,25): warning C4244: “参数”: 从“double”转换到“float”，可能丢失数据
  (编译源文件“../main.cpp”)
  
C:\Users\Xiang Gao\Desktop\GAMES101\GAMES101_Homework_S2021\GAMES101_Homework7_S2021\Assignment7\Scene.hpp(23,60): warning C4305: “参数”: 从“double”到“float”截断
  (编译源文件“../main.cpp”)
  
C:\Users\Xiang Gao\Desktop\GAMES101\GAMES101_Homework_S2021\GAMES101_Homework7_S2021\Assignment7\Scene.hpp(23,51): warning C4305: “参数”: 从“double”到“float”截断
  (编译源文件“../main.cpp”)
  
C:\Users\Xiang Gao\Desktop\GAMES101\GAMES101_Homework_S2021\GAMES101_Homework7_S2021\Assignment7\Scene.hpp(23,41): warning C4305: “参数”: 从“double”到“float”截断
  (编译源文件“../main.cpp”)
  
C:\Users\Xiang Gao\Desktop\GAMES101\GAMES101_Homework_S2021\GAMES101_Homework7_S2021\Assignment7\Scene.hpp(25,29): warning C4305: “初始化”: 从“double”到“float”截断
  (编译源文件“../main.cpp”)
  
C:\Users\Xiang Gao\Desktop\GAMES101\GAMES101_Homework_S2021\GAMES101_Homework7_S2021\Assignment7\OBJ_Loader.hpp(944,33): warning C4244: “初始化”: 从“double”转换到“float”，可能丢失数据
  (编译源文件“../main.cpp”)
  
C:\Users\Xiang Gao\Desktop\GAMES101\GAMES101_Homework_S2021\GAMES101_Homework7_S2021\Assignment7\Triangle.hpp(181,23): warning C4244: “初始化”: 从“int”转换到“float”，可能丢失数据
  (编译源文件“../main.cpp”)
  
C:\Users\Xiang Gao\Desktop\GAMES101\GAMES101_Homework_S2021\GAMES101_Homework7_S2021\Assignment7\Triangle.hpp(184,44): warning C4305: “参数”: 从“double”到“float”截断
  (编译源文件“../main.cpp”)
  
C:\Users\Xiang Gao\Desktop\GAMES101\GAMES101_Homework_S2021\GAMES101_Homework7_S2021\Assignment7\Triangle.hpp(184,37): warning C4305: “参数”: 从“double”到“float”截断
  (编译源文件“../main.cpp”)
  
C:\Users\Xiang Gao\Desktop\GAMES101\GAMES101_Homework_S2021\GAMES101_Homework7_S2021\Assignment7\Triangle.hpp(184,30): warning C4305: “参数”: 从“double”到“float”截断
  (编译源文件“../main.cpp”)
  
C:\Users\Xiang Gao\Desktop\GAMES101\GAMES101_Homework_S2021\GAMES101_Homework7_S2021\Assignment7\Triangle.hpp(183,44): warning C4305: “参数”: 从“double”到“float”截断
  (编译源文件“../main.cpp”)
  
C:\Users\Xiang Gao\Desktop\GAMES101\GAMES101_Homework_S2021\GAMES101_Homework7_S2021\Assignment7\Triangle.hpp(183,37): warning C4305: “参数”: 从“double”到“float”截断
  (编译源文件“../main.cpp”)
  
C:\Users\Xiang Gao\Desktop\GAMES101\GAMES101_Homework_S2021\GAMES101_Homework7_S2021\Assignment7\Triangle.hpp(183,30): warning C4305: “参数”: 从“double”到“float”截断
  (编译源文件“../main.cpp”)
  
C:\Users\Xiang Gao\Desktop\GAMES101\GAMES101_Homework_S2021\GAMES101_Homework7_S2021\Assignment7\Triangle.hpp(261,33): warning C4244: “参数”: 从“double”转换到“const float”，可能丢失数据
  (编译源文件“../main.cpp”)
  
C:\Users\Xiang Gao\Desktop\GAMES101\GAMES101_Homework_S2021\GAMES101_Homework7_S2021\Assignment7\Sphere.hpp(83,21): warning C4244: “初始化”: 从“double”转换到“float”，可能丢失数据
  (编译源文件“../main.cpp”)
  
  正在生成代码...
C:\Users\Xiang Gao\Desktop\GAMES101\GAMES101_Homework_S2021\GAMES101_Homework7_S2021\Assignment7\Bounds3.hpp(20,1): warning C4756: 常量算法中溢出
C:\Users\Xiang Gao\Desktop\GAMES101\GAMES101_Homework_S2021\GAMES101_Homework7_S2021\Assignment7\Bounds3.hpp(21,1): warning C4756: 常量算法中溢出
C:\Users\Xiang Gao\Desktop\GAMES101\GAMES101_Homework_S2021\GAMES101_Homework7_S2021\Assignment7\Bounds3.hpp(20,1): warning C4756: 常量算法中溢出
C:\Users\Xiang Gao\Desktop\GAMES101\GAMES101_Homework_S2021\GAMES101_Homework7_S2021\Assignment7\Bounds3.hpp(21,1): warning C4756: 常量算法中溢出
C:\Users\Xiang Gao\Desktop\GAMES101\GAMES101_Homework_S2021\GAMES101_Homework7_S2021\Assignment7\Bounds3.hpp(20,1): warning C4756: 常量算法中溢出
C:\Users\Xiang Gao\Desktop\GAMES101\GAMES101_Homework_S2021\GAMES101_Homework7_S2021\Assignment7\Bounds3.hpp(21,1): warning C4756: 常量算法中溢出
C:\Users\Xiang Gao\Desktop\GAMES101\GAMES101_Homework_S2021\GAMES101_Homework7_S2021\Assignment7\Bounds3.hpp(21,1): warning C4756: 常量算法中溢出
C:\Users\Xiang Gao\Desktop\GAMES101\GAMES101_Homework_S2021\GAMES101_Homework7_S2021\Assignment7\Bounds3.hpp(20,1): warning C4756: 常量算法中溢出
C:\Users\Xiang Gao\Desktop\GAMES101\GAMES101_Homework_S2021\GAMES101_Homework7_S2021\Assignment7\Material.hpp(161,1): warning C4715: “Material::pdf”: 不是所有的控件路径都返回值
C:\Users\Xiang Gao\Desktop\GAMES101\GAMES101_Homework_S2021\GAMES101_Homework7_S2021\Assignment7\Material.hpp(178,1): warning C4715: “Material::eval”: 不是所有的控件路径都返回值
C:\Users\Xiang Gao\Desktop\GAMES101\GAMES101_Homework_S2021\GAMES101_Homework7_S2021\Assignment7\Material.hpp(147,1): warning C4715: “Material::sample”: 不是所有的控件路径都返回值
  RayTracing.vcxproj -> C:\Users\Xiang Gao\Desktop\GAMES101\GAMES101_Homework_S2021\GAMES101_Homework7_S2021\Assignment7\build\Release\RayTracing.exe
